<?xml version="1.0" encoding="UTF-8"?>
<!-- Generated by org.testng.reporters.JUnitXMLReporter -->
<testsuite hostname="VISHAL-HP" ignored="0" name="Test" tests="1" failures="0" timestamp="19 Jul 2019 18:17:39 GMT" time="0.084" errors="0">
  <testcase name="@BeforeMethod openApplication" time="0.0" classname="generics.BaseTest">
    <failure type="org.testng.TestNGException" message="
Parameter &amp;apos;browser&amp;apos; is required by BeforeMethod on method openApplication but has not been marked @Optional or defined
in D:\SeleniumFinalPractice\AutomationFramework\testngxmlfiles\validLogintestng.xml">
      <![CDATA[org.testng.TestNGException: 
Parameter 'browser' is required by BeforeMethod on method openApplication but has not been marked @Optional or defined
in D:\SeleniumFinalPractice\AutomationFramework\testngxmlfiles\validLogintestng.xml
... Removed 25 stack frames]]>
    </failure>
  </testcase> <!-- @BeforeMethod openApplication -->
  <testcase name="@AfterMethod closeBrowser" time="0.0" classname="generics.BaseTest">
    <skipped/>
  </testcase> <!-- @AfterMethod closeBrowser -->
  <testcase name="validLogin" time="0.0" classname="scripts.TestValidLogin">
    <skipped/>
  </testcase> <!-- validLogin -->
</testsuite> <!-- Test -->
